# JRE version: OpenJDK Runtime Environment (8.0_212-b04) (build 1.8.0_212-release-1586-b04)
# Java VM: OpenJDK 64-Bit Server VM (25.212-b04 mixed mode windows-amd64 compressed oops)
Heap:
 PSYoungGen      total 159744K, used 6402K [0x00000000e0000000, 0x00000000ecb80000, 0x0000000100000000)
  eden space 142848K, 0% used [0x00000000e0000000,0x00000000e0000000,0x00000000e8b80000)
  from space 16896K, 37% used [0x00000000ebb00000,0x00000000ec1409a8,0x00000000ecb80000)
  to   space 12288K, 0% used [0x00000000e8b80000,0x00000000e8b80000,0x00000000e9780000)
 ParOldGen       total 72704K, used 33475K [0x00000000a0000000, 0x00000000a4700000, 0x00000000e0000000)
  object space 72704K, 46% used [0x00000000a0000000,0x00000000a20b0e18,0x00000000a4700000)
 Metaspace       used 57014K, capacity 59020K, committed 59096K, reserved 1099776K
  class space    used 7910K, capacity 8374K, committed 8448K, reserved 1048576K
GC Heap History (10 events):
Event: 41.955 GC heap after
Heap after GC invocations=11 (full 1):
 PSYoungGen      total 105472K, used 7330K [0x00000000e0000000, 0x00000000e7200000, 0x0000000100000000)
  eden space 95232K, 0% used [0x00000000e0000000,0x00000000e0000000,0x00000000e5d00000)
  from space 10240K, 71% used [0x00000000e6800000,0x00000000e6f289d0,0x00000000e7200000)
  to   space 10752K, 0% used [0x00000000e5d00000,0x00000000e5d00000,0x00000000e6780000)
 ParOldGen       total 51200K, used 12140K [0x00000000a0000000, 0x00000000a3200000, 0x00000000e0000000)
  object space 51200K, 23% used [0x00000000a0000000,0x00000000a0bdb338,0x00000000a3200000)
 Metaspace       used 33469K, capacity 34224K, committed 34560K, reserved 1079296K
  class space    used 4525K, capacity 4751K, committed 4864K, reserved 1048576K
}
Event: 43.322 GC heap before
{Heap before GC invocations=12 (full 1):
 PSYoungGen      total 105472K, used 42036K [0x00000000e0000000, 0x00000000e7200000, 0x0000000100000000)
  eden space 95232K, 36% used [0x00000000e0000000,0x00000000e21e4798,0x00000000e5d00000)
  from space 10240K, 71% used [0x00000000e6800000,0x00000000e6f289d0,0x00000000e7200000)
  to   space 10752K, 0% used [0x00000000e5d00000,0x00000000e5d00000,0x00000000e6780000)
 ParOldGen       total 51200K, used 12140K [0x00000000a0000000, 0x00000000a3200000, 0x00000000e0000000)
  object space 51200K, 23% used [0x00000000a0000000,0x00000000a0bdb338,0x00000000a3200000)
 Metaspace       used 34643K, capacity 35380K, committed 35456K, reserved 1079296K
  class space    used 4742K, capacity 4963K, committed 4992K, reserved 1048576K
Event: 43.354 GC heap after
Heap after GC invocations=12 (full 1):
 PSYoungGen      total 105984K, used 2616K [0x00000000e0000000, 0x00000000ea380000, 0x0000000100000000)
  eden space 95232K, 0% used [0x00000000e0000000,0x00000000e0000000,0x00000000e5d00000)
  from space 10752K, 24% used [0x00000000e5d00000,0x00000000e5f8e148,0x00000000e6780000)
  to   space 10752K, 0% used [0x00000000e9900000,0x00000000e9900000,0x00000000ea380000)
 ParOldGen       total 51200K, used 16623K [0x00000000a0000000, 0x00000000a3200000, 0x00000000e0000000)
  object space 51200K, 32% used [0x00000000a0000000,0x00000000a103bc40,0x00000000a3200000)
 Metaspace       used 34643K, capacity 35380K, committed 35456K, reserved 1079296K
  class space    used 4742K, capacity 4963K, committed 4992K, reserved 1048576K
}
Event: 43.354 GC heap before
{Heap before GC invocations=13 (full 2):
 PSYoungGen      total 105984K, used 2616K [0x00000000e0000000, 0x00000000ea380000, 0x0000000100000000)
  eden space 95232K, 0% used [0x00000000e0000000,0x00000000e0000000,0x00000000e5d00000)
  from space 10752K, 24% used [0x00000000e5d00000,0x00000000e5f8e148,0x00000000e6780000)
  to   space 10752K, 0% used [0x00000000e9900000,0x00000000e9900000,0x00000000ea380000)
 ParOldGen       total 51200K, used 16623K [0x00000000a0000000, 0x00000000a3200000, 0x00000000e0000000)
  object space 51200K, 32% used [0x00000000a0000000,0x00000000a103bc40,0x00000000a3200000)
 Metaspace       used 34643K, capacity 35380K, committed 35456K, reserved 1079296K
  class space    used 4742K, capacity 4963K, committed 4992K, reserved 1048576K
Event: 43.820 GC heap after
Heap after GC invocations=13 (full 2):
 PSYoungGen      total 105984K, used 0K [0x00000000e0000000, 0x00000000ea380000, 0x0000000100000000)
  eden space 95232K, 0% used [0x00000000e0000000,0x00000000e0000000,0x00000000e5d00000)
  from space 10752K, 0% used [0x00000000e5d00000,0x00000000e5d00000,0x00000000e6780000)
  to   space 10752K, 0% used [0x00000000e9900000,0x00000000e9900000,0x00000000ea380000)
 ParOldGen       total 72704K, used 16489K [0x00000000a0000000, 0x00000000a4700000, 0x00000000e0000000)
  object space 72704K, 22% used [0x00000000a0000000,0x00000000a101a490,0x00000000a4700000)
 Metaspace       used 34643K, capacity 35380K, committed 35456K, reserved 1079296K
  class space    used 4742K, capacity 4963K, committed 4992K, reserved 1048576K
}
Event: 47.561 GC heap before
{Heap before GC invocations=14 (full 2):
 PSYoungGen      total 105984K, used 95232K [0x00000000e0000000, 0x00000000ea380000, 0x0000000100000000)
  eden space 95232K, 100% used [0x00000000e0000000,0x00000000e5d00000,0x00000000e5d00000)
  from space 10752K, 0% used [0x00000000e5d00000,0x00000000e5d00000,0x00000000e6780000)
  to   space 10752K, 0% used [0x00000000e9900000,0x00000000e9900000,0x00000000ea380000)
 ParOldGen       total 72704K, used 16489K [0x00000000a0000000, 0x00000000a4700000, 0x00000000e0000000)
  object space 72704K, 22% used [0x00000000a0000000,0x00000000a101a490,0x00000000a4700000)
 Metaspace       used 42757K, capacity 44010K, committed 44288K, reserved 1087488K
  class space    used 5763K, capacity 6078K, committed 6144K, reserved 1048576K
Event: 47.580 GC heap after
Heap after GC invocations=14 (full 2):
 PSYoungGen      total 139776K, used 10740K [0x00000000e0000000, 0x00000000ea380000, 0x0000000100000000)
  eden space 129024K, 0% used [0x00000000e0000000,0x00000000e0000000,0x00000000e7e00000)
  from space 10752K, 99% used [0x00000000e9900000,0x00000000ea37d090,0x00000000ea380000)
  to   space 12288K, 0% used [0x00000000e8b80000,0x00000000e8b80000,0x00000000e9780000)
 ParOldGen       total 72704K, used 16709K [0x00000000a0000000, 0x00000000a4700000, 0x00000000e0000000)
  object space 72704K, 22% used [0x00000000a0000000,0x00000000a1051448,0x00000000a4700000)
 Metaspace       used 42757K, capacity 44010K, committed 44288K, reserved 1087488K
  class space    used 5763K, capacity 6078K, committed 6144K, reserved 1048576K
}
Event: 56.178 GC heap before
{Heap before GC invocations=15 (full 2):
 PSYoungGen      total 139776K, used 139764K [0x00000000e0000000, 0x00000000ea380000, 0x0000000100000000)
  eden space 129024K, 100% used [0x00000000e0000000,0x00000000e7e00000,0x00000000e7e00000)
  from space 10752K, 99% used [0x00000000e9900000,0x00000000ea37d090,0x00000000ea380000)
  to   space 12288K, 0% used [0x00000000e8b80000,0x00000000e8b80000,0x00000000e9780000)
 ParOldGen       total 72704K, used 16709K [0x00000000a0000000, 0x00000000a4700000, 0x00000000e0000000)
  object space 72704K, 22% used [0x00000000a0000000,0x00000000a1051448,0x00000000a4700000)
 Metaspace       used 53159K, capacity 55048K, committed 55168K, reserved 1097728K
  class space    used 7246K, capacity 7695K, committed 7808K, reserved 1048576K
Event: 56.360 GC heap after
Heap after GC invocations=15 (full 2):
 PSYoungGen      total 155136K, used 12284K [0x00000000e0000000, 0x00000000ecb80000, 0x0000000100000000)
  eden space 142848K, 0% used [0x00000000e0000000,0x00000000e0000000,0x00000000e8b80000)
  from space 12288K, 99% used [0x00000000e8b80000,0x00000000e977f138,0x00000000e9780000)
  to   space 16896K, 0% used [0x00000000ebb00000,0x00000000ebb00000,0x00000000ecb80000)
 ParOldGen       total 72704K, used 24756K [0x00000000a0000000, 0x00000000a4700000, 0x00000000e0000000)
  object space 72704K, 34% used [0x00000000a0000000,0x00000000a182d3f0,0x00000000a4700000)
 Metaspace       used 53159K, capacity 55048K, committed 55168K, reserved 1097728K
  class space    used 7246K, capacity 7695K, committed 7808K, reserved 1048576K
}
Event: 64.254 GC heap before
{Heap before GC invocations=16 (full 2):
 PSYoungGen      total 155136K, used 96840K [0x00000000e0000000, 0x00000000ecb80000, 0x0000000100000000)
  eden space 142848K, 59% used [0x00000000e0000000,0x00000000e5293090,0x00000000e8b80000)
  from space 12288K, 99% used [0x00000000e8b80000,0x00000000e977f138,0x00000000e9780000)
  to   space 16896K, 0% used [0x00000000ebb00000,0x00000000ebb00000,0x00000000ecb80000)
 ParOldGen       total 72704K, used 24756K [0x00000000a0000000, 0x00000000a4700000, 0x00000000e0000000)
  object space 72704K, 34% used [0x00000000a0000000,0x00000000a182d3f0,0x00000000a4700000)
 Metaspace       used 57014K, capacity 59020K, committed 59096K, reserved 1099776K
  class space    used 7910K, capacity 8374K, committed 8448K, reserved 1048576K

