# JRE version: OpenJDK Runtime Environment (8.0_212-b04) (build 1.8.0_212-release-1586-b04)
# Java VM: OpenJDK 64-Bit Server VM (25.212-b04 mixed mode windows-amd64 compressed oops)
Heap:
 PSYoungGen      total 461312K, used 35658K [0x00000000e0000000, 0x0000000100000000, 0x0000000100000000)
  eden space 438272K, 8% used [0x00000000e0000000,0x00000000e22d2b20,0x00000000fac00000)
  from space 23040K, 0% used [0x00000000fac00000,0x00000000fac00000,0x00000000fc280000)
  to   space 24576K, 0% used [0x00000000fe800000,0x00000000fe800000,0x0000000100000000)
 ParOldGen       total 76800K, used 32256K [0x00000000a0000000, 0x00000000a4b00000, 0x00000000e0000000)
  object space 76800K, 42% used [0x00000000a0000000,0x00000000a1f80088,0x00000000a4b00000)
 Metaspace       used 57761K, capacity 59886K, committed 59992K, reserved 1101824K
  class space    used 7983K, capacity 8477K, committed 8576K, reserved 1048576K
GC Heap History (10 events):
Event: 42.688 GC heap before
{Heap before GC invocations=8 (full 1):
 PSYoungGen      total 251392K, used 77369K [0x00000000e0000000, 0x00000000f1d00000, 0x0000000100000000)
  eden space 238592K, 27% used [0x00000000e0000000,0x00000000e3f77eb0,0x00000000ee900000)
  from space 12800K, 96% used [0x00000000f1080000,0x00000000f1c96550,0x00000000f1d00000)
  to   space 14848K, 0% used [0x00000000f0000000,0x00000000f0000000,0x00000000f0e80000)
 ParOldGen       total 54272K, used 7723K [0x00000000a0000000, 0x00000000a3500000, 0x00000000e0000000)
  object space 54272K, 14% used [0x00000000a0000000,0x00000000a078ae60,0x00000000a3500000)
 Metaspace       used 34658K, capacity 35380K, committed 35456K, reserved 1079296K
  class space    used 4747K, capacity 4963K, committed 4992K, reserved 1048576K
Event: 42.884 GC heap after
Heap after GC invocations=8 (full 1):
 PSYoungGen      total 276992K, used 11057K [0x00000000e0000000, 0x00000000fd900000, 0x0000000100000000)
  eden space 262144K, 0% used [0x00000000e0000000,0x00000000e0000000,0x00000000f0000000)
  from space 14848K, 74% used [0x00000000f0000000,0x00000000f0acc498,0x00000000f0e80000)
  to   space 15360K, 0% used [0x00000000fca00000,0x00000000fca00000,0x00000000fd900000)
 ParOldGen       total 54272K, used 7731K [0x00000000a0000000, 0x00000000a3500000, 0x00000000e0000000)
  object space 54272K, 14% used [0x00000000a0000000,0x00000000a078ce60,0x00000000a3500000)
 Metaspace       used 34658K, capacity 35380K, committed 35456K, reserved 1079296K
  class space    used 4747K, capacity 4963K, committed 4992K, reserved 1048576K
}
Event: 42.884 GC heap before
{Heap before GC invocations=9 (full 2):
 PSYoungGen      total 276992K, used 11057K [0x00000000e0000000, 0x00000000fd900000, 0x0000000100000000)
  eden space 262144K, 0% used [0x00000000e0000000,0x00000000e0000000,0x00000000f0000000)
  from space 14848K, 74% used [0x00000000f0000000,0x00000000f0acc498,0x00000000f0e80000)
  to   space 15360K, 0% used [0x00000000fca00000,0x00000000fca00000,0x00000000fd900000)
 ParOldGen       total 54272K, used 7731K [0x00000000a0000000, 0x00000000a3500000, 0x00000000e0000000)
  object space 54272K, 14% used [0x00000000a0000000,0x00000000a078ce60,0x00000000a3500000)
 Metaspace       used 34658K, capacity 35380K, committed 35456K, reserved 1079296K
  class space    used 4747K, capacity 4963K, committed 4992K, reserved 1048576K
Event: 43.341 GC heap after
Heap after GC invocations=9 (full 2):
 PSYoungGen      total 276992K, used 0K [0x00000000e0000000, 0x00000000fd900000, 0x0000000100000000)
  eden space 262144K, 0% used [0x00000000e0000000,0x00000000e0000000,0x00000000f0000000)
  from space 14848K, 0% used [0x00000000f0000000,0x00000000f0000000,0x00000000f0e80000)
  to   space 15360K, 0% used [0x00000000fca00000,0x00000000fca00000,0x00000000fd900000)
 ParOldGen       total 76800K, used 17791K [0x00000000a0000000, 0x00000000a4b00000, 0x00000000e0000000)
  object space 76800K, 23% used [0x00000000a0000000,0x00000000a115fc38,0x00000000a4b00000)
 Metaspace       used 34658K, capacity 35380K, committed 35456K, reserved 1079296K
  class space    used 4747K, capacity 4963K, committed 4992K, reserved 1048576K
}
Event: 59.056 GC heap before
{Heap before GC invocations=10 (full 2):
 PSYoungGen      total 276992K, used 262144K [0x00000000e0000000, 0x00000000fd900000, 0x0000000100000000)
  eden space 262144K, 100% used [0x00000000e0000000,0x00000000f0000000,0x00000000f0000000)
  from space 14848K, 0% used [0x00000000f0000000,0x00000000f0000000,0x00000000f0e80000)
  to   space 15360K, 0% used [0x00000000fca00000,0x00000000fca00000,0x00000000fd900000)
 ParOldGen       total 76800K, used 17791K [0x00000000a0000000, 0x00000000a4b00000, 0x00000000e0000000)
  object space 76800K, 23% used [0x00000000a0000000,0x00000000a115fc38,0x00000000a4b00000)
 Metaspace       used 54928K, capacity 56902K, committed 56960K, reserved 1097728K
  class space    used 7535K, capacity 8012K, committed 8064K, reserved 1048576K
Event: 59.253 GC heap after
Heap after GC invocations=10 (full 2):
 PSYoungGen      total 446464K, used 15334K [0x00000000e0000000, 0x00000000fd900000, 0x0000000100000000)
  eden space 431104K, 0% used [0x00000000e0000000,0x00000000e0000000,0x00000000fa500000)
  from space 15360K, 99% used [0x00000000fca00000,0x00000000fd8f98a0,0x00000000fd900000)
  to   space 23040K, 0% used [0x00000000fac00000,0x00000000fac00000,0x00000000fc280000)
 ParOldGen       total 76800K, used 30444K [0x00000000a0000000, 0x00000000a4b00000, 0x00000000e0000000)
  object space 76800K, 39% used [0x00000000a0000000,0x00000000a1dbb320,0x00000000a4b00000)
 Metaspace       used 54928K, capacity 56902K, committed 56960K, reserved 1097728K
  class space    used 7535K, capacity 8012K, committed 8064K, reserved 1048576K
}
Event: 63.707 GC heap before
{Heap before GC invocations=11 (full 2):
 PSYoungGen      total 446464K, used 67619K [0x00000000e0000000, 0x00000000fd900000, 0x0000000100000000)
  eden space 431104K, 12% used [0x00000000e0000000,0x00000000e330f538,0x00000000fa500000)
  from space 15360K, 99% used [0x00000000fca00000,0x00000000fd8f98a0,0x00000000fd900000)
  to   space 23040K, 0% used [0x00000000fac00000,0x00000000fac00000,0x00000000fc280000)
 ParOldGen       total 76800K, used 30444K [0x00000000a0000000, 0x00000000a4b00000, 0x00000000e0000000)
  object space 76800K, 39% used [0x00000000a0000000,0x00000000a1dbb320,0x00000000a4b00000)
 Metaspace       used 56919K, capacity 58966K, committed 59096K, reserved 1099776K
  class space    used 7881K, capacity 8339K, committed 8448K, reserved 1048576K
Event: 63.783 GC heap after
Heap after GC invocations=11 (full 2):
 PSYoungGen      total 461312K, used 17635K [0x00000000e0000000, 0x0000000100000000, 0x0000000100000000)
  eden space 438272K, 0% used [0x00000000e0000000,0x00000000e0000000,0x00000000fac00000)
  from space 23040K, 76% used [0x00000000fac00000,0x00000000fbd38fd8,0x00000000fc280000)
  to   space 24576K, 0% used [0x00000000fe800000,0x00000000fe800000,0x0000000100000000)
 ParOldGen       total 76800K, used 30452K [0x00000000a0000000, 0x00000000a4b00000, 0x00000000e0000000)
  object space 76800K, 39% used [0x00000000a0000000,0x00000000a1dbd320,0x00000000a4b00000)
 Metaspace       used 56919K, capacity 58966K, committed 59096K, reserved 1099776K
  class space    used 7881K, capacity 8339K, committed 8448K, reserved 1048576K
}
Event: 63.783 GC heap before
{Heap before GC invocations=12 (full 3):
 PSYoungGen      total 461312K, used 17635K [0x00000000e0000000, 0x0000000100000000, 0x0000000100000000)
  eden space 438272K, 0% used [0x00000000e0000000,0x00000000e0000000,0x00000000fac00000)
  from space 23040K, 76% used [0x00000000fac00000,0x00000000fbd38fd8,0x00000000fc280000)
  to   space 24576K, 0% used [0x00000000fe800000,0x00000000fe800000,0x0000000100000000)
 ParOldGen       total 76800K, used 30452K [0x00000000a0000000, 0x00000000a4b00000, 0x00000000e0000000)
  object space 76800K, 39% used [0x00000000a0000000,0x00000000a1dbd320,0x00000000a4b00000)
 Metaspace       used 56919K, capacity 58966K, committed 59096K, reserved 1099776K
  class space    used 7881K, capacity 8339K, committed 8448K, reserved 1048576K
Event: 64.560 GC heap after
Heap after GC invocations=12 (full 3):
 PSYoungGen      total 461312K, used 0K [0x00000000e0000000, 0x0000000100000000, 0x0000000100000000)
  eden space 438272K, 0% used [0x00000000e0000000,0x00000000e0000000,0x00000000fac00000)
  from space 23040K, 0% used [0x00000000fac00000,0x00000000fac00000,0x00000000fc280000)
  to   space 24576K, 0% used [0x00000000fe800000,0x00000000fe800000,0x0000000100000000)
 ParOldGen       total 76800K, used 32256K [0x00000000a0000000, 0x00000000a4b00000, 0x00000000e0000000)
  object space 76800K, 42% used [0x00000000a0000000,0x00000000a1f80088,0x00000000a4b00000)
 Metaspace       used 56915K, capacity 58954K, committed 59096K, reserved 1099776K
  class space    used 7880K, capacity 8337K, committed 8448K, reserved 1048576K
}

